2025-11-25 10:36:19,662 - Starting Experiment: runs/train_20251125_103619
2025-11-25 10:36:20,332 - Class Weights: [0.05723253 0.6848569  0.2579105 ]
2025-11-25 10:36:29,581 - Epoch 1/50 | Train Loss: 0.9905 Acc: 62.8% | Val Loss: 1.3423 Acc: 78.7%
2025-11-25 10:36:29,620 - Saved Best Model (Acc: 78.72%)
2025-11-25 10:36:35,398 - Epoch 2/50 | Train Loss: 0.7887 Acc: 71.4% | Val Loss: 0.6460 Acc: 73.7%
2025-11-25 10:36:41,195 - Epoch 3/50 | Train Loss: 0.6537 Acc: 73.1% | Val Loss: 0.5619 Acc: 81.0%
2025-11-25 10:36:41,239 - Saved Best Model (Acc: 80.97%)
2025-11-25 10:36:47,058 - Epoch 4/50 | Train Loss: 0.6528 Acc: 74.0% | Val Loss: 0.5130 Acc: 88.9%
2025-11-25 10:36:47,103 - Saved Best Model (Acc: 88.93%)
2025-11-25 10:36:52,924 - Epoch 5/50 | Train Loss: 0.5898 Acc: 77.0% | Val Loss: 0.5771 Acc: 89.4%
2025-11-25 10:36:52,966 - Saved Best Model (Acc: 89.45%)
2025-11-25 10:36:58,791 - Epoch 6/50 | Train Loss: 0.5949 Acc: 77.4% | Val Loss: 0.5082 Acc: 72.8%
2025-11-25 10:37:04,624 - Epoch 7/50 | Train Loss: 0.5760 Acc: 78.6% | Val Loss: 0.4499 Acc: 81.0%
2025-11-25 10:37:10,472 - Epoch 8/50 | Train Loss: 0.5627 Acc: 78.3% | Val Loss: 0.4496 Acc: 83.6%
2025-11-25 10:37:16,320 - Epoch 9/50 | Train Loss: 0.5222 Acc: 77.7% | Val Loss: 0.4897 Acc: 90.1%
2025-11-25 10:37:16,364 - Saved Best Model (Acc: 90.14%)
2025-11-25 10:37:22,214 - Epoch 10/50 | Train Loss: 0.5181 Acc: 78.9% | Val Loss: 0.4604 Acc: 80.8%
2025-11-25 10:37:28,062 - Epoch 11/50 | Train Loss: 0.5414 Acc: 79.9% | Val Loss: 0.4890 Acc: 88.6%
2025-11-25 10:37:33,917 - Epoch 12/50 | Train Loss: 0.5865 Acc: 79.9% | Val Loss: 0.4553 Acc: 89.4%
2025-11-25 10:37:39,769 - Epoch 13/50 | Train Loss: 0.5126 Acc: 80.3% | Val Loss: 0.4423 Acc: 90.5%
2025-11-25 10:37:39,812 - Saved Best Model (Acc: 90.48%)
2025-11-25 10:37:45,669 - Epoch 14/50 | Train Loss: 0.5648 Acc: 77.5% | Val Loss: 0.5631 Acc: 91.5%
2025-11-25 10:37:45,714 - Saved Best Model (Acc: 91.52%)
2025-11-25 10:37:51,572 - Epoch 15/50 | Train Loss: 0.5103 Acc: 80.4% | Val Loss: 0.4446 Acc: 74.6%
2025-11-25 10:37:57,427 - Epoch 16/50 | Train Loss: 0.5360 Acc: 82.1% | Val Loss: 0.5141 Acc: 66.1%
2025-11-25 10:38:03,287 - Epoch 17/50 | Train Loss: 0.4787 Acc: 84.5% | Val Loss: 0.3845 Acc: 90.3%
2025-11-25 10:38:09,147 - Epoch 18/50 | Train Loss: 0.5071 Acc: 81.7% | Val Loss: 0.3688 Acc: 90.8%
2025-11-25 10:38:15,005 - Epoch 19/50 | Train Loss: 0.5356 Acc: 80.6% | Val Loss: 0.3912 Acc: 90.1%
2025-11-25 10:38:20,863 - Epoch 20/50 | Train Loss: 0.4881 Acc: 80.9% | Val Loss: 0.3521 Acc: 85.8%
2025-11-25 10:38:26,721 - Epoch 21/50 | Train Loss: 0.4382 Acc: 85.8% | Val Loss: 0.3095 Acc: 88.1%
2025-11-25 10:38:32,581 - Epoch 22/50 | Train Loss: 0.3950 Acc: 85.6% | Val Loss: 0.3421 Acc: 90.0%
2025-11-25 10:38:38,436 - Epoch 23/50 | Train Loss: 0.4007 Acc: 84.9% | Val Loss: 0.3362 Acc: 89.3%
2025-11-25 10:38:44,289 - Epoch 24/50 | Train Loss: 0.3769 Acc: 85.9% | Val Loss: 0.3200 Acc: 88.9%
2025-11-25 10:38:50,150 - Epoch 25/50 | Train Loss: 0.3661 Acc: 87.1% | Val Loss: 0.3300 Acc: 90.8%
2025-11-25 10:38:56,010 - Epoch 26/50 | Train Loss: 0.3684 Acc: 85.7% | Val Loss: 0.3111 Acc: 87.9%
2025-11-25 10:39:01,855 - Epoch 27/50 | Train Loss: 0.3478 Acc: 86.7% | Val Loss: 0.3090 Acc: 90.7%
2025-11-25 10:39:07,704 - Epoch 28/50 | Train Loss: 0.3570 Acc: 86.4% | Val Loss: 0.2966 Acc: 90.1%
2025-11-25 10:39:13,547 - Epoch 29/50 | Train Loss: 0.3401 Acc: 87.3% | Val Loss: 0.2873 Acc: 90.3%
2025-11-25 10:39:19,389 - Epoch 30/50 | Train Loss: 0.3706 Acc: 87.4% | Val Loss: 0.2754 Acc: 87.2%
2025-11-25 10:39:25,232 - Epoch 31/50 | Train Loss: 0.3536 Acc: 86.0% | Val Loss: 0.2988 Acc: 90.7%
2025-11-25 10:39:31,078 - Epoch 32/50 | Train Loss: 0.3754 Acc: 86.4% | Val Loss: 0.2902 Acc: 91.3%
2025-11-25 10:39:36,932 - Epoch 33/50 | Train Loss: 0.3524 Acc: 86.5% | Val Loss: 0.2873 Acc: 88.9%
2025-11-25 10:39:42,791 - Epoch 34/50 | Train Loss: 0.3397 Acc: 85.9% | Val Loss: 0.2821 Acc: 90.0%
2025-11-25 10:39:48,648 - Epoch 35/50 | Train Loss: 0.3518 Acc: 87.3% | Val Loss: 0.2702 Acc: 90.1%
2025-11-25 10:39:54,501 - Epoch 36/50 | Train Loss: 0.3451 Acc: 87.6% | Val Loss: 0.2813 Acc: 91.0%
2025-11-25 10:40:00,349 - Epoch 37/50 | Train Loss: 0.3310 Acc: 87.5% | Val Loss: 0.3694 Acc: 88.4%
2025-11-25 10:40:06,197 - Epoch 38/50 | Train Loss: 0.3304 Acc: 87.4% | Val Loss: 0.2772 Acc: 88.8%
2025-11-25 10:40:12,044 - Epoch 39/50 | Train Loss: 0.3322 Acc: 86.4% | Val Loss: 0.2609 Acc: 90.8%
2025-11-25 10:40:17,889 - Epoch 40/50 | Train Loss: 0.3157 Acc: 87.5% | Val Loss: 0.2803 Acc: 88.2%
2025-11-25 10:40:23,741 - Epoch 41/50 | Train Loss: 0.3221 Acc: 87.6% | Val Loss: 0.2728 Acc: 88.8%
2025-11-25 10:40:29,588 - Epoch 42/50 | Train Loss: 0.3118 Acc: 88.4% | Val Loss: 0.2615 Acc: 91.2%
2025-11-25 10:40:35,438 - Epoch 43/50 | Train Loss: 0.3308 Acc: 87.9% | Val Loss: 0.2874 Acc: 91.7%
2025-11-25 10:40:35,482 - Saved Best Model (Acc: 91.70%)
2025-11-25 10:40:41,329 - Epoch 44/50 | Train Loss: 0.3216 Acc: 88.2% | Val Loss: 0.2678 Acc: 91.0%
2025-11-25 10:40:47,176 - Epoch 45/50 | Train Loss: 0.3009 Acc: 87.7% | Val Loss: 0.2615 Acc: 91.2%
2025-11-25 10:40:53,018 - Epoch 46/50 | Train Loss: 0.3206 Acc: 88.2% | Val Loss: 0.2589 Acc: 90.7%
2025-11-25 10:40:58,862 - Epoch 47/50 | Train Loss: 0.3097 Acc: 88.3% | Val Loss: 0.2867 Acc: 91.3%
2025-11-25 10:41:04,707 - Epoch 48/50 | Train Loss: 0.3146 Acc: 87.9% | Val Loss: 0.2661 Acc: 92.2%
2025-11-25 10:41:04,750 - Saved Best Model (Acc: 92.21%)
2025-11-25 10:41:10,597 - Epoch 49/50 | Train Loss: 0.3002 Acc: 88.1% | Val Loss: 0.2613 Acc: 90.5%
2025-11-25 10:41:16,446 - Epoch 50/50 | Train Loss: 0.3167 Acc: 88.5% | Val Loss: 0.2647 Acc: 91.5%
2025-11-25 10:41:16,446 - Training Complete. Best Acc: 92.21%
2025-11-25 10:41:16,446 - Artifacts saved in: runs/train_20251125_103619
